# configure exec: ./configure --prefix=/home/belal/Desktop/BelalsWorks/Raseedy/DeployedCode/PORTALS/EQI_Middleware/node_modules/node-rdkafka/build/deps --libdir=/home/belal/Desktop/BelalsWorks/Raseedy/DeployedCode/PORTALS/EQI_Middleware/node_modules/node-rdkafka/build/deps --prefix=/home/belal/Desktop/BelalsWorks/Raseedy/DeployedCode/PORTALS/EQI_Middleware/node_modules/node-rdkafka/build/deps --libdir=/home/belal/Desktop/BelalsWorks/Raseedy/DeployedCode/PORTALS/EQI_Middleware/node_modules/node-rdkafka/build/deps
# On Sat Mar 21 17:55:29 EET 2020
DBG 7866: Setting distro (distro) status to ok (action ignore)
DBG 7866: ccenv: WITH_CC:  --version failed: mklove/modules/configure.base: line 1711: --version: command not found
DBG 7866: Setting ccenv (ccenv) status to failed (action cont)
DBG 7866: Check ccenv (WITH_CC, action cont (originally cont)) failed: command ' --version' failed:
mklove/modules/configure.base: line 1711: --version: command not found
DBG 7866: Setting gcc (gcc) status to ok (action cont)
DBG 7866: cxxenv: WITH_CXX:  --version failed: mklove/modules/configure.base: line 1711: --version: command not found
DBG 7866: Setting cxxenv (cxxenv) status to failed (action cont)
DBG 7866: Check cxxenv (WITH_CXX, action cont (originally cont)) failed: command ' --version' failed:
mklove/modules/configure.base: line 1711: --version: command not found
DBG 7866: Setting gxx (gxx) status to ok (action cont)
DBG 7866: Setting ld (ld) status to ok (action disable)
DBG 7866: Setting nm (nm) status to ok (action disable)
DBG 7866: Setting objdump (objdump) status to ok (action disable)
DBG 7866: Setting strip (strip) status to ok (action disable)
DBG 7866: Setting pkgconfig (pkgconfig) status to ok (action cont)
DBG 7866: Setting install (install) status to ok (action cont)
DBG 7866: Compile check PIC (HAVE_PIC) (sub=0): gcc  -g -O2 -Wall -Werror _mkltmp7kl9yR.c -o _mkltmp7kl9yR.c.o  -L/home/belal/Desktop/BelalsWorks/Raseedy/DeployedCode/PORTALS/EQI_Middleware/node_modules/node-rdkafka/build/deps -fPIC
DBG 7866: Setting PIC (PIC) status to ok (action disable)
DBG 7866: Compile check gnulib (WITH_GNULD) (sub=0): gcc  -g -O2 -fPIC -Wall -Werror _mkltmp8438Pg.c -o _mkltmp8438Pg.c.o  -L/home/belal/Desktop/BelalsWorks/Raseedy/DeployedCode/PORTALS/EQI_Middleware/node_modules/node-rdkafka/build/deps -shared -Wl,-soname,mkltest.0
DBG 7866: Setting gnulib (gnulib) status to ok (action cont)
DBG 7866: Compile check ldsflagvs () (sub=0): gcc  -g -O2 -fPIC -Wall -Werror _mkltmp4Tmiif.c -o _mkltmp4Tmiif.c.o  -L/home/belal/Desktop/BelalsWorks/Raseedy/DeployedCode/PORTALS/EQI_Middleware/node_modules/node-rdkafka/build/deps -shared -Wl,--version-script=_mkltmpZOOGln
DBG 7866: Setting ldsflagvs (ldsflagvs) status to ok (action cont)
DBG 7866: Compile check __atomic_32 (HAVE_ATOMICS_32) (sub=0): gcc  -g -O2 -fPIC -Wall -Werror _mkltmpvTz4ky.c -o _mkltmpvTz4ky.c.o  -L/home/belal/Desktop/BelalsWorks/Raseedy/DeployedCode/PORTALS/EQI_Middleware/node_modules/node-rdkafka/build/deps 
DBG 7866: Setting __atomic_32 (__atomic_32) status to ok (action cont)
DBG 7866: Compile check __atomic_64 (HAVE_ATOMICS_64) (sub=0): gcc  -g -O2 -fPIC -Wall -Werror _mkltmpNLe7MH.c -o _mkltmpNLe7MH.c.o  -L/home/belal/Desktop/BelalsWorks/Raseedy/DeployedCode/PORTALS/EQI_Middleware/node_modules/node-rdkafka/build/deps 
DBG 7866: Setting __atomic_64 (__atomic_64) status to ok (action cont)
DBG 7866: Compile check socket () (sub=0): gcc  -g -O2 -fPIC -Wall -Wsign-compare -Wfloat-equal -Wpointer-arith -Wcast-align -Wall -Werror _mkltmpWdUQPg.c -o _mkltmpWdUQPg.c.o  -L/home/belal/Desktop/BelalsWorks/Raseedy/DeployedCode/PORTALS/EQI_Middleware/node_modules/node-rdkafka/build/deps 
DBG 7866: Setting socket (socket) status to ok (action cont)
DBG 7866: Setting parseversion (parseversion) status to ok (action cont)
DBG 7866: pkg-config check librt for CFLAGS (): pkg-config --short-errors --cflags librt
DBG 7866: 'pkg-config --short-errors --cflags librt' failed: No package 'librt' found
DBG 7866: Setting librt_PKGCONFIG (librt_PKGCONFIG) status to failed (action cont)
DBG 7866: Check librt_PKGCONFIG (, action cont (originally cont)) failed: 'pkg-config --short-errors --cflags librt' failed:
No package 'librt' found
DBG 7866: librt: Check for static library (libs -lrt, arfile variable STATIC_LIB_librt=, static filenames )
DBG 7866: Compile check librt () (sub=0): gcc  -g -O2 -fPIC -Wall -Wsign-compare -Wfloat-equal -Wpointer-arith -Wcast-align -Wall -Werror _mkltmpymR9xr.c -o _mkltmpymR9xr.c.o  -L/home/belal/Desktop/BelalsWorks/Raseedy/DeployedCode/PORTALS/EQI_Middleware/node_modules/node-rdkafka/build/deps -lrt
DBG 7866: Setting librt (librt) status to ok (action cont)
DBG 7866: librt: from lib_check: LIBS: prepend -lrt
DBG 7866: pkg-config check libpthread for CFLAGS (): pkg-config --short-errors --cflags libpthread
DBG 7866: 'pkg-config --short-errors --cflags libpthread' failed: No package 'libpthread' found
DBG 7866: Setting libpthread_PKGCONFIG (libpthread_PKGCONFIG) status to failed (action cont)
DBG 7866: Check libpthread_PKGCONFIG (, action cont (originally cont)) failed: 'pkg-config --short-errors --cflags libpthread' failed:
No package 'libpthread' found
DBG 7866: libpthread: Check for static library (libs -lpthread, arfile variable STATIC_LIB_libpthread=, static filenames )
DBG 7866: Compile check libpthread () (sub=0): gcc  -g -O2 -fPIC -Wall -Wsign-compare -Wfloat-equal -Wpointer-arith -Wcast-align -Wall -Werror _mkltmpQZEU7m.c -o _mkltmpQZEU7m.c.o  -L/home/belal/Desktop/BelalsWorks/Raseedy/DeployedCode/PORTALS/EQI_Middleware/node_modules/node-rdkafka/build/deps -lpthread
DBG 7866: Setting libpthread (libpthread) status to ok (action fail)
DBG 7866: libpthread: from lib_check: LIBS: prepend -lpthread
DBG 7866: pkg-config check c11threads for CFLAGS (WITH_C11THREADS): pkg-config --short-errors --cflags c11threads
DBG 7866: 'pkg-config --short-errors --cflags c11threads' failed: No package 'c11threads' found
DBG 7866: Setting c11threads_PKGCONFIG (c11threads_PKGCONFIG) status to failed (action cont)
DBG 7866: Check c11threads_PKGCONFIG (, action cont (originally cont)) failed: 'pkg-config --short-errors --cflags c11threads' failed:
No package 'c11threads' found
DBG 7866: c11threads: Check for static library (libs -lpthread -lrt, arfile variable STATIC_LIB_c11threads=, static filenames )
DBG 7866: Compile check c11threads (WITH_C11THREADS) (sub=0): gcc  -g -O2 -fPIC -Wall -Wsign-compare -Wfloat-equal -Wpointer-arith -Wcast-align -Wall -Werror _mkltmp7Cj1cO.c -o _mkltmp7Cj1cO.c.o  -L/home/belal/Desktop/BelalsWorks/Raseedy/DeployedCode/PORTALS/EQI_Middleware/node_modules/node-rdkafka/build/deps -lpthread -lrt
DBG 7866: compile check for c11threads (WITH_C11THREADS) failed: gcc  -g -O2 -fPIC -Wall -Wsign-compare -Wfloat-equal -Wpointer-arith -Wcast-align -Wall -Werror _mkltmp7Cj1cO.c -o _mkltmp7Cj1cO.c.o  -L/home/belal/Desktop/BelalsWorks/Raseedy/DeployedCode/PORTALS/EQI_Middleware/node_modules/node-rdkafka/build/deps -lpthread -lrt: _mkltmp7Cj1cO.c:2:10: fatal error: threads.h: No such file or directory
 #include <threads.h>
          ^~~~~~~~~~~
compilation terminated.
DBG 7866: Setting c11threads (c11threads) status to failed (action disable)
DBG 7866: Check c11threads (WITH_C11THREADS, action disable (originally disable)) failed: compile check failed:
CC: CC
flags: -lpthread -lrt
gcc  -g -O2 -fPIC -Wall -Wsign-compare -Wfloat-equal -Wpointer-arith -Wcast-align -Wall -Werror _mkltmp7Cj1cO.c -o _mkltmp7Cj1cO.c.o  -L/home/belal/Desktop/BelalsWorks/Raseedy/DeployedCode/PORTALS/EQI_Middleware/node_modules/node-rdkafka/build/deps -lpthread -lrt:
_mkltmp7Cj1cO.c:2:10: fatal error: threads.h: No such file or directory
 #include <threads.h>
          ^~~~~~~~~~~
compilation terminated.
source: 
#include <threads.h>


static int start_func (void *arg) {
   int iarg = *(int *)arg;
   return iarg;
}

void foo (void) {
    thrd_t thr;
    int arg = 1;
    if (thrd_create(&thr, start_func, (void *)&arg) != thrd_success) {
      ;
    }
}

DBG 7866: pkg-config check libdl for CFLAGS (WITH_LIBDL): pkg-config --short-errors --cflags libdl
DBG 7866: 'pkg-config --short-errors --cflags libdl' failed: No package 'libdl' found
DBG 7866: Setting libdl_PKGCONFIG (libdl_PKGCONFIG) status to failed (action cont)
DBG 7866: Check libdl_PKGCONFIG (, action cont (originally cont)) failed: 'pkg-config --short-errors --cflags libdl' failed:
No package 'libdl' found
DBG 7866: libdl: Check for static library (libs -ldl, arfile variable STATIC_LIB_libdl=, static filenames )
DBG 7866: Compile check libdl (WITH_LIBDL) (sub=0): gcc  -g -O2 -fPIC -Wall -Wsign-compare -Wfloat-equal -Wpointer-arith -Wcast-align -Wall -Werror _mkltmp4jsaky.c -o _mkltmp4jsaky.c.o  -L/home/belal/Desktop/BelalsWorks/Raseedy/DeployedCode/PORTALS/EQI_Middleware/node_modules/node-rdkafka/build/deps -ldl
DBG 7866: Setting libdl (libdl) status to ok (action disable)
DBG 7866: libdl: from lib_check: LIBS: prepend -ldl
DBG 7866: pkg-config check zlib for CFLAGS (WITH_ZLIB): pkg-config --short-errors --cflags zlib
DBG 7866: pkg-config check zlib for LIBS (WITH_ZLIB): pkg-config --short-errors --libs zlib
DBG 7866: zlib: from pkg-config: CFLAGS '', LIBS '-ldl -lpthread -lrt'
DBG 7866: zlib: performing compile check using pkg-config info
DBG 7866: Compile check zlib (WITH_ZLIB) (sub=1): gcc  -g -O2 -fPIC -Wall -Wsign-compare -Wfloat-equal -Wpointer-arith -Wcast-align -Wall -Werror _mkltmpDGlKvz.c -o _mkltmpDGlKvz.c.o  -L/home/belal/Desktop/BelalsWorks/Raseedy/DeployedCode/PORTALS/EQI_Middleware/node_modules/node-rdkafka/build/deps  -lz
DBG 7866: zlib: Check for static library (libs -lz, arfile variable STATIC_LIB_zlib=, static filenames libz.a)
DBG 7866: zlib: from pkg-config: LIBS: prepend -lz
DBG 7866: Setting zlib (zlib) status to ok (action cont)
DBG 7866: pkg-config check libcrypto for CFLAGS (): pkg-config --short-errors --cflags libcrypto
DBG 7866: pkg-config check libcrypto for LIBS (): pkg-config --short-errors --libs libcrypto
DBG 7866: libcrypto: from pkg-config: CFLAGS '', LIBS '-lz -ldl -lpthread -lrt'
DBG 7866: libcrypto: performing compile check using pkg-config info
DBG 7866: Compile check libcrypto () (sub=1): gcc  -g -O2 -fPIC -Wall -Wsign-compare -Wfloat-equal -Wpointer-arith -Wcast-align -Wall -Werror _mkltmpZkolYh.c -o _mkltmpZkolYh.c.o  -L/home/belal/Desktop/BelalsWorks/Raseedy/DeployedCode/PORTALS/EQI_Middleware/node_modules/node-rdkafka/build/deps  -lcrypto
DBG 7866: libcrypto: Check for static library (libs -lcrypto, arfile variable STATIC_LIB_libcrypto=, static filenames libcrypto.a)
DBG 7866: libcrypto: from pkg-config: LIBS: prepend -lcrypto
DBG 7866: Setting libcrypto (libcrypto) status to ok (action cont)
DBG 7866: pkg-config check libssl for CFLAGS (WITH_SSL): pkg-config --short-errors --cflags libssl
DBG 7866: pkg-config check libssl for LIBS (WITH_SSL): pkg-config --short-errors --libs libssl
DBG 7866: libssl: from pkg-config: CFLAGS '', LIBS '-lcrypto -lz -ldl -lpthread -lrt'
DBG 7866: libssl: performing compile check using pkg-config info
DBG 7866: Compile check libssl (WITH_SSL) (sub=1): gcc  -g -O2 -fPIC -Wall -Wsign-compare -Wfloat-equal -Wpointer-arith -Wcast-align -Wall -Werror _mkltmpN7GyWc.c -o _mkltmpN7GyWc.c.o  -L/home/belal/Desktop/BelalsWorks/Raseedy/DeployedCode/PORTALS/EQI_Middleware/node_modules/node-rdkafka/build/deps  -lssl
DBG 7866: libssl: Check for static library (libs -lssl, arfile variable STATIC_LIB_libssl=, static filenames libssl.a)
DBG 7866: libssl: from pkg-config: LIBS: prepend -lssl
DBG 7866: Setting libssl (libssl) status to ok (action cont)
DBG 7866: pkg-config check libsasl2 for CFLAGS (WITH_SASL_CYRUS): pkg-config --short-errors --cflags libsasl2
DBG 7866: 'pkg-config --short-errors --cflags libsasl2' failed: No package 'libsasl2' found
DBG 7866: Setting libsasl2_PKGCONFIG (libsasl2_PKGCONFIG) status to failed (action cont)
DBG 7866: Check libsasl2_PKGCONFIG (, action cont (originally cont)) failed: 'pkg-config --short-errors --cflags libsasl2' failed:
No package 'libsasl2' found
DBG 7866: libsasl2: Check for static library (libs -lsasl2, arfile variable STATIC_LIB_libsasl2=, static filenames )
DBG 7866: Compile check libsasl2 (WITH_SASL_CYRUS) (sub=0): gcc  -g -O2 -fPIC -Wall -Wsign-compare -Wfloat-equal -Wpointer-arith -Wcast-align -Wall -Werror _mkltmpeExaD0.c -o _mkltmpeExaD0.c.o  -L/home/belal/Desktop/BelalsWorks/Raseedy/DeployedCode/PORTALS/EQI_Middleware/node_modules/node-rdkafka/build/deps -lsasl2
DBG 7866: compile check for libsasl2 (WITH_SASL_CYRUS) failed: gcc  -g -O2 -fPIC -Wall -Wsign-compare -Wfloat-equal -Wpointer-arith -Wcast-align -Wall -Werror _mkltmpeExaD0.c -o _mkltmpeExaD0.c.o  -L/home/belal/Desktop/BelalsWorks/Raseedy/DeployedCode/PORTALS/EQI_Middleware/node_modules/node-rdkafka/build/deps -lsasl2: _mkltmpeExaD0.c:1:10: fatal error: sasl/sasl.h: No such file or directory
 #include <sasl/sasl.h>
          ^~~~~~~~~~~~~
compilation terminated.
DBG 7866: Setting libsasl2 (libsasl2) status to failed (action disable)
DBG 7866: Check libsasl2 (WITH_SASL_CYRUS, action disable (originally disable)) failed: compile check failed:
CC: CC
flags: -lsasl2
gcc  -g -O2 -fPIC -Wall -Wsign-compare -Wfloat-equal -Wpointer-arith -Wcast-align -Wall -Werror _mkltmpeExaD0.c -o _mkltmpeExaD0.c.o  -L/home/belal/Desktop/BelalsWorks/Raseedy/DeployedCode/PORTALS/EQI_Middleware/node_modules/node-rdkafka/build/deps -lsasl2:
_mkltmpeExaD0.c:1:10: fatal error: sasl/sasl.h: No such file or directory
 #include <sasl/sasl.h>
          ^~~~~~~~~~~~~
compilation terminated.
source: #include <sasl/sasl.h>
DBG 7866: pkg-config check libsasl for CFLAGS (WITH_SASL_CYRUS): pkg-config --short-errors --cflags libsasl
DBG 7866: 'pkg-config --short-errors --cflags libsasl' failed: No package 'libsasl' found
DBG 7866: Setting libsasl_PKGCONFIG (libsasl_PKGCONFIG) status to failed (action cont)
DBG 7866: Check libsasl_PKGCONFIG (, action cont (originally cont)) failed: 'pkg-config --short-errors --cflags libsasl' failed:
No package 'libsasl' found
DBG 7866: libsasl: Check for static library (libs -lsasl, arfile variable STATIC_LIB_libsasl=, static filenames )
DBG 7866: Compile check libsasl (WITH_SASL_CYRUS) (sub=0): gcc  -g -O2 -fPIC -Wall -Wsign-compare -Wfloat-equal -Wpointer-arith -Wcast-align -Wall -Werror _mkltmpQqeSzD.c -o _mkltmpQqeSzD.c.o  -L/home/belal/Desktop/BelalsWorks/Raseedy/DeployedCode/PORTALS/EQI_Middleware/node_modules/node-rdkafka/build/deps -lsasl
DBG 7866: compile check for libsasl (WITH_SASL_CYRUS) failed: gcc  -g -O2 -fPIC -Wall -Wsign-compare -Wfloat-equal -Wpointer-arith -Wcast-align -Wall -Werror _mkltmpQqeSzD.c -o _mkltmpQqeSzD.c.o  -L/home/belal/Desktop/BelalsWorks/Raseedy/DeployedCode/PORTALS/EQI_Middleware/node_modules/node-rdkafka/build/deps -lsasl: _mkltmpQqeSzD.c:1:10: fatal error: sasl/sasl.h: No such file or directory
 #include <sasl/sasl.h>
          ^~~~~~~~~~~~~
compilation terminated.
DBG 7866: Setting libsasl (libsasl) status to failed (action disable)
DBG 7866: Check libsasl (WITH_SASL_CYRUS, action disable (originally disable)) failed: compile check failed:
CC: CC
flags: -lsasl
gcc  -g -O2 -fPIC -Wall -Wsign-compare -Wfloat-equal -Wpointer-arith -Wcast-align -Wall -Werror _mkltmpQqeSzD.c -o _mkltmpQqeSzD.c.o  -L/home/belal/Desktop/BelalsWorks/Raseedy/DeployedCode/PORTALS/EQI_Middleware/node_modules/node-rdkafka/build/deps -lsasl:
_mkltmpQqeSzD.c:1:10: fatal error: sasl/sasl.h: No such file or directory
 #include <sasl/sasl.h>
          ^~~~~~~~~~~~~
compilation terminated.
source: #include <sasl/sasl.h>
DBG 7866: pkg-config check libzstd for CFLAGS (WITH_ZSTD): pkg-config --short-errors --cflags libzstd
DBG 7866: 'pkg-config --short-errors --cflags libzstd' failed: No package 'libzstd' found
DBG 7866: Setting libzstd_PKGCONFIG (libzstd_PKGCONFIG) status to failed (action cont)
DBG 7866: Check libzstd_PKGCONFIG (, action cont (originally cont)) failed: 'pkg-config --short-errors --cflags libzstd' failed:
No package 'libzstd' found
DBG 7866: libzstd: Check for static library (libs -lzstd, arfile variable STATIC_LIB_libzstd=, static filenames libzstd.a)
DBG 7866: Compile check libzstd (WITH_ZSTD) (sub=0): gcc  -g -O2 -fPIC -Wall -Wsign-compare -Wfloat-equal -Wpointer-arith -Wcast-align -Wall -Werror _mkltmpITkUQN.c -o _mkltmpITkUQN.c.o  -L/home/belal/Desktop/BelalsWorks/Raseedy/DeployedCode/PORTALS/EQI_Middleware/node_modules/node-rdkafka/build/deps -lzstd
DBG 7866: compile check for libzstd (WITH_ZSTD) failed: gcc  -g -O2 -fPIC -Wall -Wsign-compare -Wfloat-equal -Wpointer-arith -Wcast-align -Wall -Werror _mkltmpITkUQN.c -o _mkltmpITkUQN.c.o  -L/home/belal/Desktop/BelalsWorks/Raseedy/DeployedCode/PORTALS/EQI_Middleware/node_modules/node-rdkafka/build/deps -lzstd: _mkltmpITkUQN.c:2:10: fatal error: zstd.h: No such file or directory
 #include <zstd.h>
          ^~~~~~~~
compilation terminated.
DBG 7866: Setting libzstd (libzstd) status to failed (action disable)
DBG 7866: Check libzstd (WITH_ZSTD, action disable (originally disable)) failed: compile check failed:
CC: CC
flags: -lzstd
gcc  -g -O2 -fPIC -Wall -Wsign-compare -Wfloat-equal -Wpointer-arith -Wcast-align -Wall -Werror _mkltmpITkUQN.c -o _mkltmpITkUQN.c.o  -L/home/belal/Desktop/BelalsWorks/Raseedy/DeployedCode/PORTALS/EQI_Middleware/node_modules/node-rdkafka/build/deps -lzstd:
_mkltmpITkUQN.c:2:10: fatal error: zstd.h: No such file or directory
 #include <zstd.h>
          ^~~~~~~~
compilation terminated.
source: 
#include <zstd.h>
#include <zstd_errors.h>

void foo (void) {
     ZSTD_getFrameContentSize(NULL, 0);
}

DBG 7866: pkg-config check libm for CFLAGS (): pkg-config --short-errors --cflags libm
DBG 7866: 'pkg-config --short-errors --cflags libm' failed: No package 'libm' found
DBG 7866: Setting libm_PKGCONFIG (libm_PKGCONFIG) status to failed (action cont)
DBG 7866: Check libm_PKGCONFIG (, action cont (originally cont)) failed: 'pkg-config --short-errors --cflags libm' failed:
No package 'libm' found
DBG 7866: libm: Check for static library (libs -lm, arfile variable STATIC_LIB_libm=, static filenames )
DBG 7866: Compile check libm () (sub=0): gcc  -g -O2 -fPIC -Wall -Wsign-compare -Wfloat-equal -Wpointer-arith -Wcast-align -Wall -Werror _mkltmpgXe8dv.c -o _mkltmpgXe8dv.c.o  -L/home/belal/Desktop/BelalsWorks/Raseedy/DeployedCode/PORTALS/EQI_Middleware/node_modules/node-rdkafka/build/deps -lm
DBG 7866: Setting libm (libm) status to ok (action disable)
DBG 7866: libm: from lib_check: LIBS: prepend -lm
DBG 7866: pkg-config check liblz4 for CFLAGS (WITH_LZ4_EXT): pkg-config --short-errors --cflags liblz4
DBG 7866: 'pkg-config --short-errors --cflags liblz4' failed: No package 'liblz4' found
DBG 7866: Setting liblz4_PKGCONFIG (liblz4_PKGCONFIG) status to failed (action cont)
DBG 7866: Check liblz4_PKGCONFIG (, action cont (originally cont)) failed: 'pkg-config --short-errors --cflags liblz4' failed:
No package 'liblz4' found
DBG 7866: liblz4: Check for static library (libs -llz4, arfile variable STATIC_LIB_liblz4=, static filenames liblz4.a)
DBG 7866: Compile check liblz4 (WITH_LZ4_EXT) (sub=0): gcc  -g -O2 -fPIC -Wall -Wsign-compare -Wfloat-equal -Wpointer-arith -Wcast-align -Wall -Werror _mkltmpVFB2KC.c -o _mkltmpVFB2KC.c.o  -L/home/belal/Desktop/BelalsWorks/Raseedy/DeployedCode/PORTALS/EQI_Middleware/node_modules/node-rdkafka/build/deps -llz4
DBG 7866: compile check for liblz4 (WITH_LZ4_EXT) failed: gcc  -g -O2 -fPIC -Wall -Wsign-compare -Wfloat-equal -Wpointer-arith -Wcast-align -Wall -Werror _mkltmpVFB2KC.c -o _mkltmpVFB2KC.c.o  -L/home/belal/Desktop/BelalsWorks/Raseedy/DeployedCode/PORTALS/EQI_Middleware/node_modules/node-rdkafka/build/deps -llz4: _mkltmpVFB2KC.c:1:10: fatal error: lz4frame.h: No such file or directory
 #include <lz4frame.h>
          ^~~~~~~~~~~~
compilation terminated.
DBG 7866: Setting liblz4 (liblz4) status to failed (action disable)
DBG 7866: Check liblz4 (WITH_LZ4_EXT, action disable (originally disable)) failed: compile check failed:
CC: CC
flags: -llz4
gcc  -g -O2 -fPIC -Wall -Wsign-compare -Wfloat-equal -Wpointer-arith -Wcast-align -Wall -Werror _mkltmpVFB2KC.c -o _mkltmpVFB2KC.c.o  -L/home/belal/Desktop/BelalsWorks/Raseedy/DeployedCode/PORTALS/EQI_Middleware/node_modules/node-rdkafka/build/deps -llz4:
_mkltmpVFB2KC.c:1:10: fatal error: lz4frame.h: No such file or directory
 #include <lz4frame.h>
          ^~~~~~~~~~~~
compilation terminated.
source: #include <lz4frame.h>
DBG 7866: Compile check rapidjson (WITH_RAPIDJSON) (sub=0): g++  -g -O2 -fPIC -Wall -Wsign-compare -Wfloat-equal -Wpointer-arith -Wcast-align -Wall -Werror _mkltmpIGoDJP.cpp -o _mkltmpIGoDJP.cpp.o  -L/home/belal/Desktop/BelalsWorks/Raseedy/DeployedCode/PORTALS/EQI_Middleware/node_modules/node-rdkafka/build/deps 
DBG 7866: compile check for rapidjson (WITH_RAPIDJSON) failed: g++  -g -O2 -fPIC -Wall -Wsign-compare -Wfloat-equal -Wpointer-arith -Wcast-align -Wall -Werror _mkltmpIGoDJP.cpp -o _mkltmpIGoDJP.cpp.o  -L/home/belal/Desktop/BelalsWorks/Raseedy/DeployedCode/PORTALS/EQI_Middleware/node_modules/node-rdkafka/build/deps : _mkltmpIGoDJP.cpp:1:10: fatal error: rapidjson/schema.h: No such file or directory
 #include <rapidjson/schema.h>
          ^~~~~~~~~~~~~~~~~~~~
compilation terminated.
DBG 7866: Setting rapidjson (rapidjson) status to failed (action disable)
DBG 7866: Check rapidjson (WITH_RAPIDJSON, action disable (originally disable)) failed: compile check failed:
CC: CXX
flags: 
g++  -g -O2 -fPIC -Wall -Wsign-compare -Wfloat-equal -Wpointer-arith -Wcast-align -Wall -Werror _mkltmpIGoDJP.cpp -o _mkltmpIGoDJP.cpp.o  -L/home/belal/Desktop/BelalsWorks/Raseedy/DeployedCode/PORTALS/EQI_Middleware/node_modules/node-rdkafka/build/deps :
_mkltmpIGoDJP.cpp:1:10: fatal error: rapidjson/schema.h: No such file or directory
 #include <rapidjson/schema.h>
          ^~~~~~~~~~~~~~~~~~~~
compilation terminated.
source: #include <rapidjson/schema.h>
DBG 7866: Compile check crc32chw (WITH_CRC32C_HW) (sub=0): gcc  -g -O2 -fPIC -Wall -Wsign-compare -Wfloat-equal -Wpointer-arith -Wcast-align -Wall -Werror _mkltmpV7bvrx.c -o _mkltmpV7bvrx.c.o  -L/home/belal/Desktop/BelalsWorks/Raseedy/DeployedCode/PORTALS/EQI_Middleware/node_modules/node-rdkafka/build/deps 
DBG 7866: Setting crc32chw (crc32chw) status to ok (action disable)
DBG 7866: Compile check regex (HAVE_REGEX) (sub=0): gcc  -g -O2 -fPIC -Wall -Wsign-compare -Wfloat-equal -Wpointer-arith -Wcast-align -Wall -Werror _mkltmp6iWfmm.c -o _mkltmp6iWfmm.c.o  -L/home/belal/Desktop/BelalsWorks/Raseedy/DeployedCode/PORTALS/EQI_Middleware/node_modules/node-rdkafka/build/deps 
DBG 7866: Setting regex (regex) status to ok (action disable)
DBG 7866: Compile check strndup (HAVE_STRNDUP) (sub=0): gcc  -g -O2 -fPIC -Wall -Wsign-compare -Wfloat-equal -Wpointer-arith -Wcast-align -Wall -Werror _mkltmptmZK8z.c -o _mkltmptmZK8z.c.o  -L/home/belal/Desktop/BelalsWorks/Raseedy/DeployedCode/PORTALS/EQI_Middleware/node_modules/node-rdkafka/build/deps 
DBG 7866: Setting strndup (strndup) status to ok (action disable)
DBG 7866: Compile check strlcpy (HAVE_STRLCPY) (sub=0): gcc  -g -O2 -fPIC -Wall -Wsign-compare -Wfloat-equal -Wpointer-arith -Wcast-align -Wall -Werror _mkltmp0MmE9Y.c -o _mkltmp0MmE9Y.c.o  -L/home/belal/Desktop/BelalsWorks/Raseedy/DeployedCode/PORTALS/EQI_Middleware/node_modules/node-rdkafka/build/deps 
DBG 7866: compile check for strlcpy (HAVE_STRLCPY) failed: gcc  -g -O2 -fPIC -Wall -Wsign-compare -Wfloat-equal -Wpointer-arith -Wcast-align -Wall -Werror _mkltmp0MmE9Y.c -o _mkltmp0MmE9Y.c.o  -L/home/belal/Desktop/BelalsWorks/Raseedy/DeployedCode/PORTALS/EQI_Middleware/node_modules/node-rdkafka/build/deps : _mkltmp0MmE9Y.c: In function ‘foo’:
_mkltmp0MmE9Y.c:6:11: error: implicit declaration of function ‘strlcpy’; did you mean ‘strncpy’? [-Werror=implicit-function-declaration]
    return strlcpy(dest, "something", sizeof(dest));
           ^~~~~~~
           strncpy
cc1: all warnings being treated as errors
DBG 7866: Setting strlcpy (strlcpy) status to failed (action disable)
DBG 7866: Check strlcpy (HAVE_STRLCPY, action disable (originally disable)) failed: compile check failed:
CC: CC
flags: 
gcc  -g -O2 -fPIC -Wall -Wsign-compare -Wfloat-equal -Wpointer-arith -Wcast-align -Wall -Werror _mkltmp0MmE9Y.c -o _mkltmp0MmE9Y.c.o  -L/home/belal/Desktop/BelalsWorks/Raseedy/DeployedCode/PORTALS/EQI_Middleware/node_modules/node-rdkafka/build/deps :
_mkltmp0MmE9Y.c: In function ‘foo’:
_mkltmp0MmE9Y.c:6:11: error: implicit declaration of function ‘strlcpy’; did you mean ‘strncpy’? [-Werror=implicit-function-declaration]
    return strlcpy(dest, "something", sizeof(dest));
           ^~~~~~~
           strncpy
cc1: all warnings being treated as errors
source: 
#define _DARWIN_C_SOURCE
#include <string.h>
int foo (void) {
    char dest[4];
   return strlcpy(dest, "something", sizeof(dest));
}
DBG 7866: Compile check strerror_r (HAVE_STRERROR_R) (sub=0): gcc  -g -O2 -fPIC -Wall -Wsign-compare -Wfloat-equal -Wpointer-arith -Wcast-align -Wall -Werror _mkltmpmH41fd.c -o _mkltmpmH41fd.c.o  -L/home/belal/Desktop/BelalsWorks/Raseedy/DeployedCode/PORTALS/EQI_Middleware/node_modules/node-rdkafka/build/deps 
DBG 7866: Setting strerror_r (strerror_r) status to ok (action disable)
DBG 7866: Compile check pthread_setname_gnu (HAVE_PTHREAD_SETNAME_GNU) (sub=0): gcc  -g -O2 -fPIC -Wall -Wsign-compare -Wfloat-equal -Wpointer-arith -Wcast-align -Wall -Werror _mkltmpL1PbVr.c -o _mkltmpL1PbVr.c.o  -L/home/belal/Desktop/BelalsWorks/Raseedy/DeployedCode/PORTALS/EQI_Middleware/node_modules/node-rdkafka/build/deps -D_GNU_SOURCE -lpthread
DBG 7866: Setting pthread_setname_gnu (pthread_setname_gnu) status to ok (action disable)
DBG 7866: Setting nm (nm) status to ok (action cont)
DBG 7866: Setting python (python) status to ok (action disable)
DBG 7866: Compile check getrusage (HAVE_GETRUSAGE) (sub=0): gcc  -g -O2 -fPIC -Wall -Wsign-compare -Wfloat-equal -Wpointer-arith -Wcast-align -Wall -Werror _mkltmpzSn3kv.c -o _mkltmpzSn3kv.c.o  -L/home/belal/Desktop/BelalsWorks/Raseedy/DeployedCode/PORTALS/EQI_Middleware/node_modules/node-rdkafka/build/deps 
DBG 7866: Setting getrusage (getrusage) status to ok (action disable)
